2 (0.11)
3 (0.29)
4 (0.41)
5 (0.42)
6 (0.53)
7 (0.55)
8 (0.61)
9 (0.67)
10 (0.76)
11 (0.77)
12 (0.9)
13 (0.96)
14 (0.97)
2 6 (0.11)
2 13 (0.11)
2 14 (0.11)
3 4 (0.13)
3 5 (0.13)
3 6 (0.17)
3 7 (0.13)
3 8 (0.25)
3 9 (0.17)
3 10 (0.25)
3 11 (0.18)
3 12 (0.28)
3 13 (0.27)
3 14 (0.28)
4 5 (0.17)
4 6 (0.33)
4 7 (0.21)
4 8 (0.26)
4 9 (0.3)
4 10 (0.33)
4 11 (0.32)
4 12 (0.35)
4 13 (0.41)
4 14 (0.41)
5 6 (0.23)
5 7 (0.24)
5 8 (0.24)
5 9 (0.41)
5 10 (0.36)
5 11 (0.31)
5 12 (0.4)
5 13 (0.41)
5 14 (0.42)
6 7 (0.29)
6 8 (0.33)
6 9 (0.37)
6 10 (0.41)
6 11 (0.42)
6 12 (0.47)
6 13 (0.52)
6 14 (0.53)
7 8 (0.34)
7 9 (0.35)
7 10 (0.46)
7 11 (0.53)
7 12 (0.51)
7 13 (0.55)
7 14 (0.54)
8 9 (0.41)
8 10 (0.5)
8 11 (0.47)
8 12 (0.55)
8 13 (0.57)
8 14 (0.58)
9 10 (0.55)
9 11 (0.57)
9 12 (0.64)
9 13 (0.65)
9 14 (0.66)
10 11 (0.61)
10 12 (0.72)
10 13 (0.76)
10 14 (0.74)
11 12 (0.73)
11 13 (0.75)
11 14 (0.75)
12 13 (0.86)
12 14 (0.88)
13 14 (0.94)
2 6 13 (0.11)
2 6 14 (0.11)
2 13 14 (0.11)
3 4 6 (0.13)
3 4 8 (0.11)
3 4 9 (0.1)
3 4 10 (0.13)
3 4 12 (0.13)
3 4 13 (0.13)
3 4 14 (0.13)
3 5 6 (0.1)
3 5 9 (0.12)
3 5 10 (0.12)
3 5 12 (0.13)
3 5 13 (0.12)
3 5 14 (0.13)
3 6 7 (0.1)
3 6 8 (0.14)
3 6 9 (0.13)
3 6 10 (0.17)
3 6 11 (0.13)
3 6 12 (0.17)
3 6 13 (0.17)
3 6 14 (0.17)
3 7 8 (0.1)
3 7 10 (0.13)
3 7 11 (0.13)
3 7 12 (0.13)
3 7 13 (0.13)
3 7 14 (0.13)
3 8 9 (0.13)
3 8 10 (0.21)
3 8 11 (0.15)
3 8 12 (0.24)
3 8 13 (0.23)
3 8 14 (0.24)
3 9 10 (0.16)
3 9 11 (0.13)
3 9 12 (0.17)
3 9 13 (0.17)
3 9 14 (0.17)
3 10 11 (0.17)
3 10 12 (0.25)
3 10 13 (0.25)
3 10 14 (0.24)
3 11 12 (0.18)
3 11 13 (0.18)
3 11 14 (0.18)
3 12 13 (0.26)
3 12 14 (0.27)
3 13 14 (0.26)
4 5 6 (0.13)
4 5 8 (0.11)
4 5 9 (0.17)
4 5 10 (0.15)
4 5 11 (0.12)
4 5 12 (0.16)
4 5 13 (0.17)
4 5 14 (0.17)
4 6 7 (0.15)
4 6 8 (0.21)
4 6 9 (0.23)
4 6 10 (0.27)
4 6 11 (0.24)
4 6 12 (0.28)
4 6 13 (0.33)
4 6 14 (0.33)
4 7 8 (0.16)
4 7 9 (0.15)
4 7 10 (0.18)
4 7 11 (0.21)
4 7 12 (0.19)
4 7 13 (0.21)
4 7 14 (0.21)
4 8 9 (0.2)
4 8 10 (0.24)
4 8 11 (0.21)
4 8 12 (0.23)
4 8 13 (0.26)
4 8 14 (0.26)
4 9 10 (0.26)
4 9 11 (0.25)
4 9 12 (0.28)
4 9 13 (0.3)
4 9 14 (0.3)
4 10 11 (0.26)
4 10 12 (0.31)
4 10 13 (0.33)
4 10 14 (0.33)
4 11 12 (0.29)
4 11 13 (0.32)
4 11 14 (0.32)
4 12 13 (0.35)
4 12 14 (0.35)
4 13 14 (0.41)
5 6 7 (0.15)
5 6 8 (0.15)
5 6 9 (0.23)
5 6 10 (0.23)
5 6 11 (0.18)
5 6 12 (0.23)
5 6 13 (0.23)
5 6 14 (0.23)
5 7 8 (0.15)
5 7 9 (0.24)
5 7 10 (0.22)
5 7 11 (0.23)
5 7 12 (0.22)
5 7 13 (0.24)
5 7 14 (0.24)
5 8 9 (0.23)
5 8 10 (0.21)
5 8 11 (0.18)
5 8 12 (0.22)
5 8 13 (0.23)
5 8 14 (0.24)
5 9 10 (0.36)
5 9 11 (0.31)
5 9 12 (0.39)
5 9 13 (0.41)
5 9 14 (0.41)
5 10 11 (0.27)
5 10 12 (0.34)
5 10 13 (0.36)
5 10 14 (0.36)
5 11 12 (0.3)
5 11 13 (0.31)
5 11 14 (0.31)
5 12 13 (0.39)
5 12 14 (0.4)
5 13 14 (0.41)
6 7 8 (0.18)
6 7 9 (0.19)
6 7 10 (0.24)
6 7 11 (0.28)
6 7 12 (0.28)
6 7 13 (0.29)
6 7 14 (0.29)
6 8 9 (0.25)
6 8 10 (0.29)
6 8 11 (0.27)
6 8 12 (0.31)
6 8 13 (0.32)
6 8 14 (0.33)
6 9 10 (0.33)
6 9 11 (0.32)
6 9 12 (0.36)
6 9 13 (0.36)
6 9 14 (0.37)
6 10 11 (0.34)
6 10 12 (0.4)
6 10 13 (0.41)
6 10 14 (0.41)
6 11 12 (0.4)
6 11 13 (0.41)
6 11 14 (0.42)
6 12 13 (0.46)
6 12 14 (0.47)
6 13 14 (0.52)
7 8 9 (0.22)
7 8 10 (0.3)
7 8 11 (0.32)
7 8 12 (0.3)
7 8 13 (0.34)
7 8 14 (0.33)
7 9 10 (0.32)
7 9 11 (0.34)
7 9 12 (0.33)
7 9 13 (0.35)
7 9 14 (0.35)
7 10 11 (0.45)
7 10 12 (0.43)
7 10 13 (0.46)
7 10 14 (0.45)
7 11 12 (0.5)
7 11 13 (0.53)
7 11 14 (0.52)
7 12 13 (0.51)
7 12 14 (0.51)
7 13 14 (0.54)
8 9 10 (0.35)
8 9 11 (0.36)
8 9 12 (0.39)
8 9 13 (0.39)
8 9 14 (0.4)
8 10 11 (0.4)
8 10 12 (0.46)
8 10 13 (0.5)
8 10 14 (0.48)
8 11 12 (0.44)
8 11 13 (0.45)
8 11 14 (0.45)
8 12 13 (0.51)
8 12 14 (0.53)
8 13 14 (0.55)
9 10 11 (0.46)
9 10 12 (0.53)
9 10 13 (0.55)
9 10 14 (0.55)
9 11 12 (0.55)
9 11 13 (0.55)
9 11 14 (0.56)
9 12 13 (0.62)
9 12 14 (0.63)
9 13 14 (0.65)
10 11 12 (0.59)
10 11 13 (0.61)
10 11 14 (0.6)
10 12 13 (0.72)
10 12 14 (0.71)
10 13 14 (0.74)
11 12 13 (0.71)
11 12 14 (0.72)
11 13 14 (0.74)
12 13 14 (0.85)
2 6 13 14 (0.11)
3 4 6 8 (0.11)
3 4 6 9 (0.1)
3 4 6 10 (0.13)
3 4 6 12 (0.13)
3 4 6 13 (0.13)
3 4 6 14 (0.13)
3 4 8 10 (0.11)
3 4 8 12 (0.11)
3 4 8 13 (0.11)
3 4 8 14 (0.11)
3 4 9 10 (0.1)
3 4 9 12 (0.1)
3 4 9 13 (0.1)
3 4 9 14 (0.1)
3 4 10 12 (0.13)
3 4 10 13 (0.13)
3 4 10 14 (0.13)
3 4 12 13 (0.13)
3 4 12 14 (0.13)
3 4 13 14 (0.13)
3 5 6 9 (0.1)
3 5 6 10 (0.1)
3 5 6 12 (0.1)
3 5 6 13 (0.1)
3 5 6 14 (0.1)
3 5 9 10 (0.12)
3 5 9 12 (0.12)
3 5 9 13 (0.12)
3 5 9 14 (0.12)
3 5 10 12 (0.12)
3 5 10 13 (0.12)
3 5 10 14 (0.12)
3 5 12 13 (0.12)
3 5 12 14 (0.13)
3 5 13 14 (0.12)
3 6 7 10 (0.1)
3 6 7 11 (0.1)
3 6 7 12 (0.1)
3 6 7 13 (0.1)
3 6 7 14 (0.1)
3 6 8 9 (0.1)
3 6 8 10 (0.14)
3 6 8 11 (0.11)
3 6 8 12 (0.14)
3 6 8 13 (0.14)
3 6 8 14 (0.14)
3 6 9 10 (0.13)
3 6 9 11 (0.1)
3 6 9 12 (0.13)
3 6 9 13 (0.13)
3 6 9 14 (0.13)
3 6 10 11 (0.13)
3 6 10 12 (0.17)
3 6 10 13 (0.17)
3 6 10 14 (0.17)
3 6 11 12 (0.13)
3 6 11 13 (0.13)
3 6 11 14 (0.13)
3 6 12 13 (0.17)
3 6 12 14 (0.17)
3 6 13 14 (0.17)
3 7 8 10 (0.1)
3 7 8 11 (0.1)
3 7 8 12 (0.1)
3 7 8 13 (0.1)
3 7 8 14 (0.1)
3 7 10 11 (0.13)
3 7 10 12 (0.13)
3 7 10 13 (0.13)
3 7 10 14 (0.13)
3 7 11 12 (0.13)
3 7 11 13 (0.13)
3 7 11 14 (0.13)
3 7 12 13 (0.13)
3 7 12 14 (0.13)
3 7 13 14 (0.13)
3 8 9 10 (0.12)
3 8 9 11 (0.1)
3 8 9 12 (0.13)
3 8 9 13 (0.13)
3 8 9 14 (0.13)
3 8 10 11 (0.14)
3 8 10 12 (0.21)
3 8 10 13 (0.21)
3 8 10 14 (0.2)
3 8 11 12 (0.15)
3 8 11 13 (0.15)
3 8 11 14 (0.15)
3 8 12 13 (0.22)
3 8 12 14 (0.23)
3 8 13 14 (0.22)
3 9 10 11 (0.12)
3 9 10 12 (0.16)
3 9 10 13 (0.16)
3 9 10 14 (0.16)
3 9 11 12 (0.13)
3 9 11 13 (0.13)
3 9 11 14 (0.13)
3 9 12 13 (0.17)
3 9 12 14 (0.17)
3 9 13 14 (0.17)
3 10 11 12 (0.17)
3 10 11 13 (0.17)
3 10 11 14 (0.17)
3 10 12 13 (0.25)
3 10 12 14 (0.24)
3 10 13 14 (0.24)
3 11 12 13 (0.18)
3 11 12 14 (0.18)
3 11 13 14 (0.18)
3 12 13 14 (0.25)
4 5 6 9 (0.13)
4 5 6 10 (0.13)
4 5 6 12 (0.13)
4 5 6 13 (0.13)
4 5 6 14 (0.13)
4 5 8 9 (0.11)
4 5 8 10 (0.1)
4 5 8 12 (0.1)
4 5 8 13 (0.11)
4 5 8 14 (0.11)
4 5 9 10 (0.15)
4 5 9 11 (0.12)
4 5 9 12 (0.16)
4 5 9 13 (0.17)
4 5 9 14 (0.17)
4 5 10 11 (0.1)
4 5 10 12 (0.14)
4 5 10 13 (0.15)
4 5 10 14 (0.15)
4 5 11 12 (0.11)
4 5 11 13 (0.12)
4 5 11 14 (0.12)
4 5 12 13 (0.16)
4 5 12 14 (0.16)
4 5 13 14 (0.17)
4 6 7 8 (0.11)
4 6 7 9 (0.1)
4 6 7 10 (0.13)
4 6 7 11 (0.15)
4 6 7 12 (0.14)
4 6 7 13 (0.15)
4 6 7 14 (0.15)
4 6 8 9 (0.16)
4 6 8 10 (0.2)
4 6 8 11 (0.16)
4 6 8 12 (0.19)
4 6 8 13 (0.21)
4 6 8 14 (0.21)
4 6 9 10 (0.21)
4 6 9 11 (0.18)
4 6 9 12 (0.22)
4 6 9 13 (0.23)
4 6 9 14 (0.23)
4 6 10 11 (0.2)
4 6 10 12 (0.26)
4 6 10 13 (0.27)
4 6 10 14 (0.27)
4 6 11 12 (0.22)
4 6 11 13 (0.24)
4 6 11 14 (0.24)
4 6 12 13 (0.28)
4 6 12 14 (0.28)
4 6 13 14 (0.33)
4 7 8 9 (0.12)
4 7 8 10 (0.14)
4 7 8 11 (0.16)
4 7 8 12 (0.14)
4 7 8 13 (0.16)
4 7 8 14 (0.16)
4 7 9 10 (0.14)
4 7 9 11 (0.15)
4 7 9 12 (0.14)
4 7 9 13 (0.15)
4 7 9 14 (0.15)
4 7 10 11 (0.18)
4 7 10 12 (0.17)
4 7 10 13 (0.18)
4 7 10 14 (0.18)
4 7 11 12 (0.19)
4 7 11 13 (0.21)
4 7 11 14 (0.21)
4 7 12 13 (0.19)
4 7 12 14 (0.19)
4 7 13 14 (0.21)
4 8 9 10 (0.19)
4 8 9 11 (0.17)
4 8 9 12 (0.19)
4 8 9 13 (0.2)
4 8 9 14 (0.2)
4 8 10 11 (0.19)
4 8 10 12 (0.22)
4 8 10 13 (0.24)
4 8 10 14 (0.24)
4 8 11 12 (0.19)
4 8 11 13 (0.21)
4 8 11 14 (0.21)
4 8 12 13 (0.23)
4 8 12 14 (0.23)
4 8 13 14 (0.26)
4 9 10 11 (0.21)
4 9 10 12 (0.25)
4 9 10 13 (0.26)
4 9 10 14 (0.26)
4 9 11 12 (0.23)
4 9 11 13 (0.25)
4 9 11 14 (0.25)
4 9 12 13 (0.28)
4 9 12 14 (0.28)
4 9 13 14 (0.3)
4 10 11 12 (0.25)
4 10 11 13 (0.26)
4 10 11 14 (0.26)
4 10 12 13 (0.31)
4 10 12 14 (0.31)
4 10 13 14 (0.33)
4 11 12 13 (0.29)
4 11 12 14 (0.29)
4 11 13 14 (0.32)
4 12 13 14 (0.35)
5 6 7 9 (0.15)
5 6 7 10 (0.15)
5 6 7 11 (0.15)
5 6 7 12 (0.15)
5 6 7 13 (0.15)
5 6 7 14 (0.15)
5 6 8 9 (0.15)
5 6 8 10 (0.15)
5 6 8 11 (0.12)
5 6 8 12 (0.15)
5 6 8 13 (0.15)
5 6 8 14 (0.15)
5 6 9 10 (0.23)
5 6 9 11 (0.18)
5 6 9 12 (0.23)
5 6 9 13 (0.23)
5 6 9 14 (0.23)
5 6 10 11 (0.18)
5 6 10 12 (0.23)
5 6 10 13 (0.23)
5 6 10 14 (0.23)
5 6 11 12 (0.18)
5 6 11 13 (0.18)
5 6 11 14 (0.18)
5 6 12 13 (0.23)
5 6 12 14 (0.23)
5 6 13 14 (0.23)
5 7 8 9 (0.15)
5 7 8 10 (0.13)
5 7 8 11 (0.14)
5 7 8 12 (0.13)
5 7 8 13 (0.15)
5 7 8 14 (0.15)
5 7 9 10 (0.22)
5 7 9 11 (0.23)
5 7 9 12 (0.22)
5 7 9 13 (0.24)
5 7 9 14 (0.24)
5 7 10 11 (0.21)
5 7 10 12 (0.2)
5 7 10 13 (0.22)
5 7 10 14 (0.22)
5 7 11 12 (0.22)
5 7 11 13 (0.23)
5 7 11 14 (0.23)
5 7 12 13 (0.22)
5 7 12 14 (0.22)
5 7 13 14 (0.24)
5 8 9 10 (0.21)
5 8 9 11 (0.18)
5 8 9 12 (0.21)
5 8 9 13 (0.23)
5 8 9 14 (0.23)
5 8 10 11 (0.16)
5 8 10 12 (0.19)
5 8 10 13 (0.21)
5 8 10 14 (0.21)
5 8 11 12 (0.17)
5 8 11 13 (0.18)
5 8 11 14 (0.18)
5 8 12 13 (0.21)
5 8 12 14 (0.22)
5 8 13 14 (0.23)
5 9 10 11 (0.27)
5 9 10 12 (0.34)
5 9 10 13 (0.36)
5 9 10 14 (0.36)
5 9 11 12 (0.3)
5 9 11 13 (0.31)
5 9 11 14 (0.31)
5 9 12 13 (0.39)
5 9 12 14 (0.39)
5 9 13 14 (0.41)
5 10 11 12 (0.26)
5 10 11 13 (0.27)
5 10 11 14 (0.27)
5 10 12 13 (0.34)
5 10 12 14 (0.34)
5 10 13 14 (0.36)
5 11 12 13 (0.3)
5 11 12 14 (0.3)
5 11 13 14 (0.31)
5 12 13 14 (0.39)
6 7 8 9 (0.12)
6 7 8 10 (0.16)
6 7 8 11 (0.17)
6 7 8 12 (0.17)
6 7 8 13 (0.18)
6 7 8 14 (0.18)
6 7 9 10 (0.19)
6 7 9 11 (0.19)
6 7 9 12 (0.19)
6 7 9 13 (0.19)
6 7 9 14 (0.19)
6 7 10 11 (0.24)
6 7 10 12 (0.24)
6 7 10 13 (0.24)
6 7 10 14 (0.24)
6 7 11 12 (0.27)
6 7 11 13 (0.28)
6 7 11 14 (0.28)
6 7 12 13 (0.28)
6 7 12 14 (0.28)
6 7 13 14 (0.29)
6 8 9 10 (0.23)
6 8 9 11 (0.22)
6 8 9 12 (0.25)
6 8 9 13 (0.24)
6 8 9 14 (0.25)
6 8 10 11 (0.24)
6 8 10 12 (0.28)
6 8 10 13 (0.29)
6 8 10 14 (0.29)
6 8 11 12 (0.26)
6 8 11 13 (0.26)
6 8 11 14 (0.27)
6 8 12 13 (0.3)
6 8 12 14 (0.31)
6 8 13 14 (0.32)
6 9 10 11 (0.28)
6 9 10 12 (0.33)
6 9 10 13 (0.33)
6 9 10 14 (0.33)
6 9 11 12 (0.31)
6 9 11 13 (0.31)
6 9 11 14 (0.32)
6 9 12 13 (0.35)
6 9 12 14 (0.36)
6 9 13 14 (0.36)
6 10 11 12 (0.34)
6 10 11 13 (0.34)
6 10 11 14 (0.34)
6 10 12 13 (0.4)
6 10 12 14 (0.4)
6 10 13 14 (0.41)
6 11 12 13 (0.39)
6 11 12 14 (0.4)
6 11 13 14 (0.41)
6 12 13 14 (0.46)
7 8 9 10 (0.2)
7 8 9 11 (0.21)
7 8 9 12 (0.2)
7 8 9 13 (0.22)
7 8 9 14 (0.22)
7 8 10 11 (0.29)
7 8 10 12 (0.27)
7 8 10 13 (0.3)
7 8 10 14 (0.29)
7 8 11 12 (0.29)
7 8 11 13 (0.32)
7 8 11 14 (0.31)
7 8 12 13 (0.3)
7 8 12 14 (0.3)
7 8 13 14 (0.33)
7 9 10 11 (0.31)
7 9 10 12 (0.3)
7 9 10 13 (0.32)
7 9 10 14 (0.32)
7 9 11 12 (0.33)
7 9 11 13 (0.34)
7 9 11 14 (0.34)
7 9 12 13 (0.33)
7 9 12 14 (0.33)
7 9 13 14 (0.35)
7 10 11 12 (0.43)
7 10 11 13 (0.45)
7 10 11 14 (0.44)
7 10 12 13 (0.43)
7 10 12 14 (0.43)
7 10 13 14 (0.45)
7 11 12 13 (0.5)
7 11 12 14 (0.5)
7 11 13 14 (0.52)
7 12 13 14 (0.51)
8 9 10 11 (0.3)
8 9 10 12 (0.33)
8 9 10 13 (0.35)
8 9 10 14 (0.35)
8 9 11 12 (0.35)
8 9 11 13 (0.34)
8 9 11 14 (0.35)
8 9 12 13 (0.37)
8 9 12 14 (0.38)
8 9 13 14 (0.39)
8 10 11 12 (0.38)
8 10 11 13 (0.4)
8 10 11 14 (0.39)
8 10 12 13 (0.46)
8 10 12 14 (0.45)
8 10 13 14 (0.48)
8 11 12 13 (0.42)
8 11 12 14 (0.43)
8 11 13 14 (0.44)
8 12 13 14 (0.5)
9 10 11 12 (0.45)
9 10 11 13 (0.46)
9 10 11 14 (0.46)
9 10 12 13 (0.53)
9 10 12 14 (0.53)
9 10 13 14 (0.55)
9 11 12 13 (0.53)
9 11 12 14 (0.54)
9 11 13 14 (0.55)
9 12 13 14 (0.62)
10 11 12 13 (0.59)
10 11 12 14 (0.59)
10 11 13 14 (0.6)
10 12 13 14 (0.71)
11 12 13 14 (0.71)
3 4 6 8 10 (0.11)
3 4 6 8 12 (0.11)
3 4 6 8 13 (0.11)
3 4 6 8 14 (0.11)
3 4 6 9 10 (0.1)
3 4 6 9 12 (0.1)
3 4 6 9 13 (0.1)
3 4 6 9 14 (0.1)
3 4 6 10 12 (0.13)
3 4 6 10 13 (0.13)
3 4 6 10 14 (0.13)
3 4 6 12 13 (0.13)
3 4 6 12 14 (0.13)
3 4 6 13 14 (0.13)
3 4 8 10 12 (0.11)
3 4 8 10 13 (0.11)
3 4 8 10 14 (0.11)
3 4 8 12 13 (0.11)
3 4 8 12 14 (0.11)
3 4 8 13 14 (0.11)
3 4 9 10 12 (0.1)
3 4 9 10 13 (0.1)
3 4 9 10 14 (0.1)
3 4 9 12 13 (0.1)
3 4 9 12 14 (0.1)
3 4 9 13 14 (0.1)
3 4 10 12 13 (0.13)
3 4 10 12 14 (0.13)
3 4 10 13 14 (0.13)
3 4 12 13 14 (0.13)
3 5 6 9 10 (0.1)
3 5 6 9 12 (0.1)
3 5 6 9 13 (0.1)
3 5 6 9 14 (0.1)
3 5 6 10 12 (0.1)
3 5 6 10 13 (0.1)
3 5 6 10 14 (0.1)
3 5 6 12 13 (0.1)
3 5 6 12 14 (0.1)
3 5 6 13 14 (0.1)
3 5 9 10 12 (0.12)
3 5 9 10 13 (0.12)
3 5 9 10 14 (0.12)
3 5 9 12 13 (0.12)
3 5 9 12 14 (0.12)
3 5 9 13 14 (0.12)
3 5 10 12 13 (0.12)
3 5 10 12 14 (0.12)
3 5 10 13 14 (0.12)
3 5 12 13 14 (0.12)
3 6 7 10 11 (0.1)
3 6 7 10 12 (0.1)
3 6 7 10 13 (0.1)
3 6 7 10 14 (0.1)
3 6 7 11 12 (0.1)
3 6 7 11 13 (0.1)
3 6 7 11 14 (0.1)
3 6 7 12 13 (0.1)
3 6 7 12 14 (0.1)
3 6 7 13 14 (0.1)
3 6 8 9 10 (0.1)
3 6 8 9 12 (0.1)
3 6 8 9 13 (0.1)
3 6 8 9 14 (0.1)
3 6 8 10 11 (0.11)
3 6 8 10 12 (0.14)
3 6 8 10 13 (0.14)
3 6 8 10 14 (0.14)
3 6 8 11 12 (0.11)
3 6 8 11 13 (0.11)
3 6 8 11 14 (0.11)
3 6 8 12 13 (0.14)
3 6 8 12 14 (0.14)
3 6 8 13 14 (0.14)
3 6 9 10 11 (0.1)
3 6 9 10 12 (0.13)
3 6 9 10 13 (0.13)
3 6 9 10 14 (0.13)
3 6 9 11 12 (0.1)
3 6 9 11 13 (0.1)
3 6 9 11 14 (0.1)
3 6 9 12 13 (0.13)
3 6 9 12 14 (0.13)
3 6 9 13 14 (0.13)
3 6 10 11 12 (0.13)
3 6 10 11 13 (0.13)
3 6 10 11 14 (0.13)
3 6 10 12 13 (0.17)
3 6 10 12 14 (0.17)
3 6 10 13 14 (0.17)
3 6 11 12 13 (0.13)
3 6 11 12 14 (0.13)
3 6 11 13 14 (0.13)
3 6 12 13 14 (0.17)
3 7 8 10 11 (0.1)
3 7 8 10 12 (0.1)
3 7 8 10 13 (0.1)
3 7 8 10 14 (0.1)
3 7 8 11 12 (0.1)
3 7 8 11 13 (0.1)
3 7 8 11 14 (0.1)
3 7 8 12 13 (0.1)
3 7 8 12 14 (0.1)
3 7 8 13 14 (0.1)
3 7 10 11 12 (0.13)
3 7 10 11 13 (0.13)
3 7 10 11 14 (0.13)
3 7 10 12 13 (0.13)
3 7 10 12 14 (0.13)
3 7 10 13 14 (0.13)
3 7 11 12 13 (0.13)
3 7 11 12 14 (0.13)
3 7 11 13 14 (0.13)
3 7 12 13 14 (0.13)
3 8 9 10 12 (0.12)
3 8 9 10 13 (0.12)
3 8 9 10 14 (0.12)
3 8 9 11 12 (0.1)
3 8 9 11 13 (0.1)
3 8 9 11 14 (0.1)
3 8 9 12 13 (0.13)
3 8 9 12 14 (0.13)
3 8 9 13 14 (0.13)
3 8 10 11 12 (0.14)
3 8 10 11 13 (0.14)
3 8 10 11 14 (0.14)
3 8 10 12 13 (0.21)
3 8 10 12 14 (0.2)
3 8 10 13 14 (0.2)
3 8 11 12 13 (0.15)
3 8 11 12 14 (0.15)
3 8 11 13 14 (0.15)
3 8 12 13 14 (0.21)
3 9 10 11 12 (0.12)
3 9 10 11 13 (0.12)
3 9 10 11 14 (0.12)
3 9 10 12 13 (0.16)
3 9 10 12 14 (0.16)
3 9 10 13 14 (0.16)
3 9 11 12 13 (0.13)
3 9 11 12 14 (0.13)
3 9 11 13 14 (0.13)
3 9 12 13 14 (0.17)
3 10 11 12 13 (0.17)
3 10 11 12 14 (0.17)
3 10 11 13 14 (0.17)
3 10 12 13 14 (0.24)
3 11 12 13 14 (0.18)
4 5 6 9 10 (0.13)
4 5 6 9 12 (0.13)
4 5 6 9 13 (0.13)
4 5 6 9 14 (0.13)
4 5 6 10 12 (0.13)
4 5 6 10 13 (0.13)
4 5 6 10 14 (0.13)
4 5 6 12 13 (0.13)
4 5 6 12 14 (0.13)
4 5 6 13 14 (0.13)
4 5 8 9 10 (0.1)
4 5 8 9 12 (0.1)
4 5 8 9 13 (0.11)
4 5 8 9 14 (0.11)
4 5 8 10 13 (0.1)
4 5 8 10 14 (0.1)
4 5 8 12 13 (0.1)
4 5 8 12 14 (0.1)
4 5 8 13 14 (0.11)
4 5 9 10 11 (0.1)
4 5 9 10 12 (0.14)
4 5 9 10 13 (0.15)
4 5 9 10 14 (0.15)
4 5 9 11 12 (0.11)
4 5 9 11 13 (0.12)
4 5 9 11 14 (0.12)
4 5 9 12 13 (0.16)
4 5 9 12 14 (0.16)
4 5 9 13 14 (0.17)
4 5 10 11 13 (0.1)
4 5 10 11 14 (0.1)
4 5 10 12 13 (0.14)
4 5 10 12 14 (0.14)
4 5 10 13 14 (0.15)
4 5 11 12 13 (0.11)
4 5 11 12 14 (0.11)
4 5 11 13 14 (0.12)
4 5 12 13 14 (0.16)
4 6 7 8 10 (0.1)
4 6 7 8 11 (0.11)
4 6 7 8 12 (0.1)
4 6 7 8 13 (0.11)
4 6 7 8 14 (0.11)
4 6 7 9 10 (0.1)
4 6 7 9 11 (0.1)
4 6 7 9 12 (0.1)
4 6 7 9 13 (0.1)
4 6 7 9 14 (0.1)
4 6 7 10 11 (0.13)
4 6 7 10 12 (0.13)
4 6 7 10 13 (0.13)
4 6 7 10 14 (0.13)
4 6 7 11 12 (0.14)
4 6 7 11 13 (0.15)
4 6 7 11 14 (0.15)
4 6 7 12 13 (0.14)
4 6 7 12 14 (0.14)
4 6 7 13 14 (0.15)
4 6 8 9 10 (0.16)
4 6 8 9 11 (0.13)
4 6 8 9 12 (0.16)
4 6 8 9 13 (0.16)
4 6 8 9 14 (0.16)
4 6 8 10 11 (0.15)
4 6 8 10 12 (0.19)
4 6 8 10 13 (0.2)
4 6 8 10 14 (0.2)
4 6 8 11 12 (0.15)
4 6 8 11 13 (0.16)
4 6 8 11 14 (0.16)
4 6 8 12 13 (0.19)
4 6 8 12 14 (0.19)
4 6 8 13 14 (0.21)
4 6 9 10 11 (0.16)
4 6 9 10 12 (0.21)
4 6 9 10 13 (0.21)
4 6 9 10 14 (0.21)
4 6 9 11 12 (0.17)
4 6 9 11 13 (0.18)
4 6 9 11 14 (0.18)
4 6 9 12 13 (0.22)
4 6 9 12 14 (0.22)
4 6 9 13 14 (0.23)
4 6 10 11 12 (0.2)
4 6 10 11 13 (0.2)
4 6 10 11 14 (0.2)
4 6 10 12 13 (0.26)
4 6 10 12 14 (0.26)
4 6 10 13 14 (0.27)
4 6 11 12 13 (0.22)
4 6 11 12 14 (0.22)
4 6 11 13 14 (0.24)
4 6 12 13 14 (0.28)
4 7 8 9 10 (0.11)
4 7 8 9 11 (0.12)
4 7 8 9 12 (0.11)
4 7 8 9 13 (0.12)
4 7 8 9 14 (0.12)
4 7 8 10 11 (0.14)
4 7 8 10 12 (0.13)
4 7 8 10 13 (0.14)
4 7 8 10 14 (0.14)
4 7 8 11 12 (0.14)
4 7 8 11 13 (0.16)
4 7 8 11 14 (0.16)
4 7 8 12 13 (0.14)
4 7 8 12 14 (0.14)
4 7 8 13 14 (0.16)
4 7 9 10 11 (0.14)
4 7 9 10 12 (0.13)
4 7 9 10 13 (0.14)
4 7 9 10 14 (0.14)
4 7 9 11 12 (0.14)
4 7 9 11 13 (0.15)
4 7 9 11 14 (0.15)
4 7 9 12 13 (0.14)
4 7 9 12 14 (0.14)
4 7 9 13 14 (0.15)
4 7 10 11 12 (0.17)
4 7 10 11 13 (0.18)
4 7 10 11 14 (0.18)
4 7 10 12 13 (0.17)
4 7 10 12 14 (0.17)
4 7 10 13 14 (0.18)
4 7 11 12 13 (0.19)
4 7 11 12 14 (0.19)
4 7 11 13 14 (0.21)
4 7 12 13 14 (0.19)
4 8 9 10 11 (0.16)
4 8 9 10 12 (0.18)
4 8 9 10 13 (0.19)
4 8 9 10 14 (0.19)
4 8 9 11 12 (0.16)
4 8 9 11 13 (0.17)
4 8 9 11 14 (0.17)
4 8 9 12 13 (0.19)
4 8 9 12 14 (0.19)
4 8 9 13 14 (0.2)
4 8 10 11 12 (0.18)
4 8 10 11 13 (0.19)
4 8 10 11 14 (0.19)
4 8 10 12 13 (0.22)
4 8 10 12 14 (0.22)
4 8 10 13 14 (0.24)
4 8 11 12 13 (0.19)
4 8 11 12 14 (0.19)
4 8 11 13 14 (0.21)
4 8 12 13 14 (0.23)
4 9 10 11 12 (0.2)
4 9 10 11 13 (0.21)
4 9 10 11 14 (0.21)
4 9 10 12 13 (0.25)
4 9 10 12 14 (0.25)
4 9 10 13 14 (0.26)
4 9 11 12 13 (0.23)
4 9 11 12 14 (0.23)
4 9 11 13 14 (0.25)
4 9 12 13 14 (0.28)
4 10 11 12 13 (0.25)
4 10 11 12 14 (0.25)
4 10 11 13 14 (0.26)
4 10 12 13 14 (0.31)
4 11 12 13 14 (0.29)
5 6 7 9 10 (0.15)
5 6 7 9 11 (0.15)
5 6 7 9 12 (0.15)
5 6 7 9 13 (0.15)
5 6 7 9 14 (0.15)
5 6 7 10 11 (0.15)
5 6 7 10 12 (0.15)
5 6 7 10 13 (0.15)
5 6 7 10 14 (0.15)
5 6 7 11 12 (0.15)
5 6 7 11 13 (0.15)
5 6 7 11 14 (0.15)
5 6 7 12 13 (0.15)
5 6 7 12 14 (0.15)
5 6 7 13 14 (0.15)
5 6 8 9 10 (0.15)
5 6 8 9 11 (0.12)
5 6 8 9 12 (0.15)
5 6 8 9 13 (0.15)
5 6 8 9 14 (0.15)
5 6 8 10 11 (0.12)
5 6 8 10 12 (0.15)
5 6 8 10 13 (0.15)
5 6 8 10 14 (0.15)
5 6 8 11 12 (0.12)
5 6 8 11 13 (0.12)
5 6 8 11 14 (0.12)
5 6 8 12 13 (0.15)
5 6 8 12 14 (0.15)
5 6 8 13 14 (0.15)
5 6 9 10 11 (0.18)
5 6 9 10 12 (0.23)
5 6 9 10 13 (0.23)
5 6 9 10 14 (0.23)
5 6 9 11 12 (0.18)
5 6 9 11 13 (0.18)
5 6 9 11 14 (0.18)
5 6 9 12 13 (0.23)
5 6 9 12 14 (0.23)
5 6 9 13 14 (0.23)
5 6 10 11 12 (0.18)
5 6 10 11 13 (0.18)
5 6 10 11 14 (0.18)
5 6 10 12 13 (0.23)
5 6 10 12 14 (0.23)
5 6 10 13 14 (0.23)
5 6 11 12 13 (0.18)
5 6 11 12 14 (0.18)
5 6 11 13 14 (0.18)
5 6 12 13 14 (0.23)
5 7 8 9 10 (0.13)
5 7 8 9 11 (0.14)
5 7 8 9 12 (0.13)
5 7 8 9 13 (0.15)
5 7 8 9 14 (0.15)
5 7 8 10 11 (0.12)
5 7 8 10 12 (0.11)
5 7 8 10 13 (0.13)
5 7 8 10 14 (0.13)
5 7 8 11 12 (0.13)
5 7 8 11 13 (0.14)
5 7 8 11 14 (0.14)
5 7 8 12 13 (0.13)
5 7 8 12 14 (0.13)
5 7 8 13 14 (0.15)
5 7 9 10 11 (0.21)
5 7 9 10 12 (0.2)
5 7 9 10 13 (0.22)
5 7 9 10 14 (0.22)
5 7 9 11 12 (0.22)
5 7 9 11 13 (0.23)
5 7 9 11 14 (0.23)
5 7 9 12 13 (0.22)
5 7 9 12 14 (0.22)
5 7 9 13 14 (0.24)
5 7 10 11 12 (0.2)
5 7 10 11 13 (0.21)
5 7 10 11 14 (0.21)
5 7 10 12 13 (0.2)
5 7 10 12 14 (0.2)
5 7 10 13 14 (0.22)
5 7 11 12 13 (0.22)
5 7 11 12 14 (0.22)
5 7 11 13 14 (0.23)
5 7 12 13 14 (0.22)
5 8 9 10 11 (0.16)
5 8 9 10 12 (0.19)
5 8 9 10 13 (0.21)
5 8 9 10 14 (0.21)
5 8 9 11 12 (0.17)
5 8 9 11 13 (0.18)
5 8 9 11 14 (0.18)
5 8 9 12 13 (0.21)
5 8 9 12 14 (0.21)
5 8 9 13 14 (0.23)
5 8 10 11 12 (0.15)
5 8 10 11 13 (0.16)
5 8 10 11 14 (0.16)
5 8 10 12 13 (0.19)
5 8 10 12 14 (0.19)
5 8 10 13 14 (0.21)
5 8 11 12 13 (0.17)
5 8 11 12 14 (0.17)
5 8 11 13 14 (0.18)
5 8 12 13 14 (0.21)
5 9 10 11 12 (0.26)
5 9 10 11 13 (0.27)
5 9 10 11 14 (0.27)
5 9 10 12 13 (0.34)
5 9 10 12 14 (0.34)
5 9 10 13 14 (0.36)
5 9 11 12 13 (0.3)
5 9 11 12 14 (0.3)
5 9 11 13 14 (0.31)
5 9 12 13 14 (0.39)
5 10 11 12 13 (0.26)
5 10 11 12 14 (0.26)
5 10 11 13 14 (0.27)
5 10 12 13 14 (0.34)
5 11 12 13 14 (0.3)
6 7 8 9 10 (0.12)
6 7 8 9 11 (0.12)
6 7 8 9 12 (0.12)
6 7 8 9 13 (0.12)
6 7 8 9 14 (0.12)
6 7 8 10 11 (0.16)
6 7 8 10 12 (0.16)
6 7 8 10 13 (0.16)
6 7 8 10 14 (0.16)
6 7 8 11 12 (0.16)
6 7 8 11 13 (0.17)
6 7 8 11 14 (0.17)
6 7 8 12 13 (0.17)
6 7 8 12 14 (0.17)
6 7 8 13 14 (0.18)
6 7 9 10 11 (0.19)
6 7 9 10 12 (0.19)
6 7 9 10 13 (0.19)
6 7 9 10 14 (0.19)
6 7 9 11 12 (0.19)
6 7 9 11 13 (0.19)
6 7 9 11 14 (0.19)
6 7 9 12 13 (0.19)
6 7 9 12 14 (0.19)
6 7 9 13 14 (0.19)
6 7 10 11 12 (0.24)
6 7 10 11 13 (0.24)
6 7 10 11 14 (0.24)
6 7 10 12 13 (0.24)
6 7 10 12 14 (0.24)
6 7 10 13 14 (0.24)
6 7 11 12 13 (0.27)
6 7 11 12 14 (0.27)
6 7 11 13 14 (0.28)
6 7 12 13 14 (0.28)
6 8 9 10 11 (0.2)
6 8 9 10 12 (0.23)
6 8 9 10 13 (0.23)
6 8 9 10 14 (0.23)
6 8 9 11 12 (0.22)
6 8 9 11 13 (0.21)
6 8 9 11 14 (0.22)
6 8 9 12 13 (0.24)
6 8 9 12 14 (0.25)
6 8 9 13 14 (0.24)
6 8 10 11 12 (0.24)
6 8 10 11 13 (0.24)
6 8 10 11 14 (0.24)
6 8 10 12 13 (0.28)
6 8 10 12 14 (0.28)
6 8 10 13 14 (0.29)
6 8 11 12 13 (0.25)
6 8 11 12 14 (0.26)
6 8 11 13 14 (0.26)
6 8 12 13 14 (0.3)
6 9 10 11 12 (0.28)
6 9 10 11 13 (0.28)
6 9 10 11 14 (0.28)
6 9 10 12 13 (0.33)
6 9 10 12 14 (0.33)
6 9 10 13 14 (0.33)
6 9 11 12 13 (0.3)
6 9 11 12 14 (0.31)
6 9 11 13 14 (0.31)
6 9 12 13 14 (0.35)
6 10 11 12 13 (0.34)
6 10 11 12 14 (0.34)
6 10 11 13 14 (0.34)
6 10 12 13 14 (0.4)
6 11 12 13 14 (0.39)
7 8 9 10 11 (0.19)
7 8 9 10 12 (0.18)
7 8 9 10 13 (0.2)
7 8 9 10 14 (0.2)
7 8 9 11 12 (0.2)
7 8 9 11 13 (0.21)
7 8 9 11 14 (0.21)
7 8 9 12 13 (0.2)
7 8 9 12 14 (0.2)
7 8 9 13 14 (0.22)
7 8 10 11 12 (0.27)
7 8 10 11 13 (0.29)
7 8 10 11 14 (0.28)
7 8 10 12 13 (0.27)
7 8 10 12 14 (0.27)
7 8 10 13 14 (0.29)
7 8 11 12 13 (0.29)
7 8 11 12 14 (0.29)
7 8 11 13 14 (0.31)
7 8 12 13 14 (0.3)
7 9 10 11 12 (0.3)
7 9 10 11 13 (0.31)
7 9 10 11 14 (0.31)
7 9 10 12 13 (0.3)
7 9 10 12 14 (0.3)
7 9 10 13 14 (0.32)
7 9 11 12 13 (0.33)
7 9 11 12 14 (0.33)
7 9 11 13 14 (0.34)
7 9 12 13 14 (0.33)
7 10 11 12 13 (0.43)
7 10 11 12 14 (0.43)
7 10 11 13 14 (0.44)
7 10 12 13 14 (0.43)
7 11 12 13 14 (0.5)
8 9 10 11 12 (0.29)
8 9 10 11 13 (0.3)
8 9 10 11 14 (0.3)
8 9 10 12 13 (0.33)
8 9 10 12 14 (0.33)
8 9 10 13 14 (0.35)
8 9 11 12 13 (0.33)
8 9 11 12 14 (0.34)
8 9 11 13 14 (0.34)
8 9 12 13 14 (0.37)
8 10 11 12 13 (0.38)
8 10 11 12 14 (0.38)
8 10 11 13 14 (0.39)
8 10 12 13 14 (0.45)
8 11 12 13 14 (0.42)
9 10 11 12 13 (0.45)
9 10 11 12 14 (0.45)
9 10 11 13 14 (0.46)
9 10 12 13 14 (0.53)
9 11 12 13 14 (0.53)
10 11 12 13 14 (0.59)
3 4 6 8 10 12 (0.11)
3 4 6 8 10 13 (0.11)
3 4 6 8 10 14 (0.11)
3 4 6 8 12 13 (0.11)
3 4 6 8 12 14 (0.11)
3 4 6 8 13 14 (0.11)
3 4 6 9 10 12 (0.1)
3 4 6 9 10 13 (0.1)
3 4 6 9 10 14 (0.1)
3 4 6 9 12 13 (0.1)
3 4 6 9 12 14 (0.1)
3 4 6 9 13 14 (0.1)
3 4 6 10 12 13 (0.13)
3 4 6 10 12 14 (0.13)
3 4 6 10 13 14 (0.13)
3 4 6 12 13 14 (0.13)
3 4 8 10 12 13 (0.11)
3 4 8 10 12 14 (0.11)
3 4 8 10 13 14 (0.11)
3 4 8 12 13 14 (0.11)
3 4 9 10 12 13 (0.1)
3 4 9 10 12 14 (0.1)
3 4 9 10 13 14 (0.1)
3 4 9 12 13 14 (0.1)
3 4 10 12 13 14 (0.13)
3 5 6 9 10 12 (0.1)
3 5 6 9 10 13 (0.1)
3 5 6 9 10 14 (0.1)
3 5 6 9 12 13 (0.1)
3 5 6 9 12 14 (0.1)
3 5 6 9 13 14 (0.1)
3 5 6 10 12 13 (0.1)
3 5 6 10 12 14 (0.1)
3 5 6 10 13 14 (0.1)
3 5 6 12 13 14 (0.1)
3 5 9 10 12 13 (0.12)
3 5 9 10 12 14 (0.12)
3 5 9 10 13 14 (0.12)
3 5 9 12 13 14 (0.12)
3 5 10 12 13 14 (0.12)
3 6 7 10 11 12 (0.1)
3 6 7 10 11 13 (0.1)
3 6 7 10 11 14 (0.1)
3 6 7 10 12 13 (0.1)
3 6 7 10 12 14 (0.1)
3 6 7 10 13 14 (0.1)
3 6 7 11 12 13 (0.1)
3 6 7 11 12 14 (0.1)
3 6 7 11 13 14 (0.1)
3 6 7 12 13 14 (0.1)
3 6 8 9 10 12 (0.1)
3 6 8 9 10 13 (0.1)
3 6 8 9 10 14 (0.1)
3 6 8 9 12 13 (0.1)
3 6 8 9 12 14 (0.1)
3 6 8 9 13 14 (0.1)
3 6 8 10 11 12 (0.11)
3 6 8 10 11 13 (0.11)
3 6 8 10 11 14 (0.11)
3 6 8 10 12 13 (0.14)
3 6 8 10 12 14 (0.14)
3 6 8 10 13 14 (0.14)
3 6 8 11 12 13 (0.11)
3 6 8 11 12 14 (0.11)
3 6 8 11 13 14 (0.11)
3 6 8 12 13 14 (0.14)
3 6 9 10 11 12 (0.1)
3 6 9 10 11 13 (0.1)
3 6 9 10 11 14 (0.1)
3 6 9 10 12 13 (0.13)
3 6 9 10 12 14 (0.13)
3 6 9 10 13 14 (0.13)
3 6 9 11 12 13 (0.1)
3 6 9 11 12 14 (0.1)
3 6 9 11 13 14 (0.1)
3 6 9 12 13 14 (0.13)
3 6 10 11 12 13 (0.13)
3 6 10 11 12 14 (0.13)
3 6 10 11 13 14 (0.13)
3 6 10 12 13 14 (0.17)
3 6 11 12 13 14 (0.13)
3 7 8 10 11 12 (0.1)
3 7 8 10 11 13 (0.1)
3 7 8 10 11 14 (0.1)
3 7 8 10 12 13 (0.1)
3 7 8 10 12 14 (0.1)
3 7 8 10 13 14 (0.1)
3 7 8 11 12 13 (0.1)
3 7 8 11 12 14 (0.1)
3 7 8 11 13 14 (0.1)
3 7 8 12 13 14 (0.1)
3 7 10 11 12 13 (0.13)
3 7 10 11 12 14 (0.13)
3 7 10 11 13 14 (0.13)
3 7 10 12 13 14 (0.13)
3 7 11 12 13 14 (0.13)
3 8 9 10 12 13 (0.12)
3 8 9 10 12 14 (0.12)
3 8 9 10 13 14 (0.12)
3 8 9 11 12 13 (0.1)
3 8 9 11 12 14 (0.1)
3 8 9 11 13 14 (0.1)
3 8 9 12 13 14 (0.13)
3 8 10 11 12 13 (0.14)
3 8 10 11 12 14 (0.14)
3 8 10 11 13 14 (0.14)
3 8 10 12 13 14 (0.2)
3 8 11 12 13 14 (0.15)
3 9 10 11 12 13 (0.12)
3 9 10 11 12 14 (0.12)
3 9 10 11 13 14 (0.12)
3 9 10 12 13 14 (0.16)
3 9 11 12 13 14 (0.13)
3 10 11 12 13 14 (0.17)
4 5 6 9 10 12 (0.13)
4 5 6 9 10 13 (0.13)
4 5 6 9 10 14 (0.13)
4 5 6 9 12 13 (0.13)
4 5 6 9 12 14 (0.13)
4 5 6 9 13 14 (0.13)
4 5 6 10 12 13 (0.13)
4 5 6 10 12 14 (0.13)
4 5 6 10 13 14 (0.13)
4 5 6 12 13 14 (0.13)
4 5 8 9 10 13 (0.1)
4 5 8 9 10 14 (0.1)
4 5 8 9 12 13 (0.1)
4 5 8 9 12 14 (0.1)
4 5 8 9 13 14 (0.11)
4 5 8 10 13 14 (0.1)
4 5 8 12 13 14 (0.1)
4 5 9 10 11 13 (0.1)
4 5 9 10 11 14 (0.1)
4 5 9 10 12 13 (0.14)
4 5 9 10 12 14 (0.14)
4 5 9 10 13 14 (0.15)
4 5 9 11 12 13 (0.11)
4 5 9 11 12 14 (0.11)
4 5 9 11 13 14 (0.12)
4 5 9 12 13 14 (0.16)
4 5 10 11 13 14 (0.1)
4 5 10 12 13 14 (0.14)
4 5 11 12 13 14 (0.11)
4 6 7 8 10 11 (0.1)
4 6 7 8 10 12 (0.1)
4 6 7 8 10 13 (0.1)
4 6 7 8 10 14 (0.1)
4 6 7 8 11 12 (0.1)
4 6 7 8 11 13 (0.11)
4 6 7 8 11 14 (0.11)
4 6 7 8 12 13 (0.1)
4 6 7 8 12 14 (0.1)
4 6 7 8 13 14 (0.11)
4 6 7 9 10 11 (0.1)
4 6 7 9 10 12 (0.1)
4 6 7 9 10 13 (0.1)
4 6 7 9 10 14 (0.1)
4 6 7 9 11 12 (0.1)
4 6 7 9 11 13 (0.1)
4 6 7 9 11 14 (0.1)
4 6 7 9 12 13 (0.1)
4 6 7 9 12 14 (0.1)
4 6 7 9 13 14 (0.1)
4 6 7 10 11 12 (0.13)
4 6 7 10 11 13 (0.13)
4 6 7 10 11 14 (0.13)
4 6 7 10 12 13 (0.13)
4 6 7 10 12 14 (0.13)
4 6 7 10 13 14 (0.13)
4 6 7 11 12 13 (0.14)
4 6 7 11 12 14 (0.14)
4 6 7 11 13 14 (0.15)
4 6 7 12 13 14 (0.14)
4 6 8 9 10 11 (0.13)
4 6 8 9 10 12 (0.16)
4 6 8 9 10 13 (0.16)
4 6 8 9 10 14 (0.16)
4 6 8 9 11 12 (0.13)
4 6 8 9 11 13 (0.13)
4 6 8 9 11 14 (0.13)
4 6 8 9 12 13 (0.16)
4 6 8 9 12 14 (0.16)
4 6 8 9 13 14 (0.16)
4 6 8 10 11 12 (0.15)
4 6 8 10 11 13 (0.15)
4 6 8 10 11 14 (0.15)
4 6 8 10 12 13 (0.19)
4 6 8 10 12 14 (0.19)
4 6 8 10 13 14 (0.2)
4 6 8 11 12 13 (0.15)
4 6 8 11 12 14 (0.15)
4 6 8 11 13 14 (0.16)
4 6 8 12 13 14 (0.19)
4 6 9 10 11 12 (0.16)
4 6 9 10 11 13 (0.16)
4 6 9 10 11 14 (0.16)
4 6 9 10 12 13 (0.21)
4 6 9 10 12 14 (0.21)
4 6 9 10 13 14 (0.21)
4 6 9 11 12 13 (0.17)
4 6 9 11 12 14 (0.17)
4 6 9 11 13 14 (0.18)
4 6 9 12 13 14 (0.22)
4 6 10 11 12 13 (0.2)
4 6 10 11 12 14 (0.2)
4 6 10 11 13 14 (0.2)
4 6 10 12 13 14 (0.26)
4 6 11 12 13 14 (0.22)
4 7 8 9 10 11 (0.11)
4 7 8 9 10 12 (0.1)
4 7 8 9 10 13 (0.11)
4 7 8 9 10 14 (0.11)
4 7 8 9 11 12 (0.11)
4 7 8 9 11 13 (0.12)
4 7 8 9 11 14 (0.12)
4 7 8 9 12 13 (0.11)
4 7 8 9 12 14 (0.11)
4 7 8 9 13 14 (0.12)
4 7 8 10 11 12 (0.13)
4 7 8 10 11 13 (0.14)
4 7 8 10 11 14 (0.14)
4 7 8 10 12 13 (0.13)
4 7 8 10 12 14 (0.13)
4 7 8 10 13 14 (0.14)
4 7 8 11 12 13 (0.14)
4 7 8 11 12 14 (0.14)
4 7 8 11 13 14 (0.16)
4 7 8 12 13 14 (0.14)
4 7 9 10 11 12 (0.13)
4 7 9 10 11 13 (0.14)
4 7 9 10 11 14 (0.14)
4 7 9 10 12 13 (0.13)
4 7 9 10 12 14 (0.13)
4 7 9 10 13 14 (0.14)
4 7 9 11 12 13 (0.14)
4 7 9 11 12 14 (0.14)
4 7 9 11 13 14 (0.15)
4 7 9 12 13 14 (0.14)
4 7 10 11 12 13 (0.17)
4 7 10 11 12 14 (0.17)
4 7 10 11 13 14 (0.18)
4 7 10 12 13 14 (0.17)
4 7 11 12 13 14 (0.19)
4 8 9 10 11 12 (0.15)
4 8 9 10 11 13 (0.16)
4 8 9 10 11 14 (0.16)
4 8 9 10 12 13 (0.18)
4 8 9 10 12 14 (0.18)
4 8 9 10 13 14 (0.19)
4 8 9 11 12 13 (0.16)
4 8 9 11 12 14 (0.16)
4 8 9 11 13 14 (0.17)
4 8 9 12 13 14 (0.19)
4 8 10 11 12 13 (0.18)
4 8 10 11 12 14 (0.18)
4 8 10 11 13 14 (0.19)
4 8 10 12 13 14 (0.22)
4 8 11 12 13 14 (0.19)
4 9 10 11 12 13 (0.2)
4 9 10 11 12 14 (0.2)
4 9 10 11 13 14 (0.21)
4 9 10 12 13 14 (0.25)
4 9 11 12 13 14 (0.23)
4 10 11 12 13 14 (0.25)
5 6 7 9 10 11 (0.15)
5 6 7 9 10 12 (0.15)
5 6 7 9 10 13 (0.15)
5 6 7 9 10 14 (0.15)
5 6 7 9 11 12 (0.15)
5 6 7 9 11 13 (0.15)
5 6 7 9 11 14 (0.15)
5 6 7 9 12 13 (0.15)
5 6 7 9 12 14 (0.15)
5 6 7 9 13 14 (0.15)
5 6 7 10 11 12 (0.15)
5 6 7 10 11 13 (0.15)
5 6 7 10 11 14 (0.15)
5 6 7 10 12 13 (0.15)
5 6 7 10 12 14 (0.15)
5 6 7 10 13 14 (0.15)
5 6 7 11 12 13 (0.15)
5 6 7 11 12 14 (0.15)
5 6 7 11 13 14 (0.15)
5 6 7 12 13 14 (0.15)
5 6 8 9 10 11 (0.12)
5 6 8 9 10 12 (0.15)
5 6 8 9 10 13 (0.15)
5 6 8 9 10 14 (0.15)
5 6 8 9 11 12 (0.12)
5 6 8 9 11 13 (0.12)
5 6 8 9 11 14 (0.12)
5 6 8 9 12 13 (0.15)
5 6 8 9 12 14 (0.15)
5 6 8 9 13 14 (0.15)
5 6 8 10 11 12 (0.12)
5 6 8 10 11 13 (0.12)
5 6 8 10 11 14 (0.12)
5 6 8 10 12 13 (0.15)
5 6 8 10 12 14 (0.15)
5 6 8 10 13 14 (0.15)
5 6 8 11 12 13 (0.12)
5 6 8 11 12 14 (0.12)
5 6 8 11 13 14 (0.12)
5 6 8 12 13 14 (0.15)
5 6 9 10 11 12 (0.18)
5 6 9 10 11 13 (0.18)
5 6 9 10 11 14 (0.18)
5 6 9 10 12 13 (0.23)
5 6 9 10 12 14 (0.23)
5 6 9 10 13 14 (0.23)
5 6 9 11 12 13 (0.18)
5 6 9 11 12 14 (0.18)
5 6 9 11 13 14 (0.18)
5 6 9 12 13 14 (0.23)
5 6 10 11 12 13 (0.18)
5 6 10 11 12 14 (0.18)
5 6 10 11 13 14 (0.18)
5 6 10 12 13 14 (0.23)
5 6 11 12 13 14 (0.18)
5 7 8 9 10 11 (0.12)
5 7 8 9 10 12 (0.11)
5 7 8 9 10 13 (0.13)
5 7 8 9 10 14 (0.13)
5 7 8 9 11 12 (0.13)
5 7 8 9 11 13 (0.14)
5 7 8 9 11 14 (0.14)
5 7 8 9 12 13 (0.13)
5 7 8 9 12 14 (0.13)
5 7 8 9 13 14 (0.15)
5 7 8 10 11 12 (0.11)
5 7 8 10 11 13 (0.12)
5 7 8 10 11 14 (0.12)
5 7 8 10 12 13 (0.11)
5 7 8 10 12 14 (0.11)
5 7 8 10 13 14 (0.13)
5 7 8 11 12 13 (0.13)
5 7 8 11 12 14 (0.13)
5 7 8 11 13 14 (0.14)
5 7 8 12 13 14 (0.13)
5 7 9 10 11 12 (0.2)
5 7 9 10 11 13 (0.21)
5 7 9 10 11 14 (0.21)
5 7 9 10 12 13 (0.2)
5 7 9 10 12 14 (0.2)
5 7 9 10 13 14 (0.22)
5 7 9 11 12 13 (0.22)
5 7 9 11 12 14 (0.22)
5 7 9 11 13 14 (0.23)
5 7 9 12 13 14 (0.22)
5 7 10 11 12 13 (0.2)
5 7 10 11 12 14 (0.2)
5 7 10 11 13 14 (0.21)
5 7 10 12 13 14 (0.2)
5 7 11 12 13 14 (0.22)
5 8 9 10 11 12 (0.15)
5 8 9 10 11 13 (0.16)
5 8 9 10 11 14 (0.16)
5 8 9 10 12 13 (0.19)
5 8 9 10 12 14 (0.19)
5 8 9 10 13 14 (0.21)
5 8 9 11 12 13 (0.17)
5 8 9 11 12 14 (0.17)
5 8 9 11 13 14 (0.18)
5 8 9 12 13 14 (0.21)
5 8 10 11 12 13 (0.15)
5 8 10 11 12 14 (0.15)
5 8 10 11 13 14 (0.16)
5 8 10 12 13 14 (0.19)
5 8 11 12 13 14 (0.17)
5 9 10 11 12 13 (0.26)
5 9 10 11 12 14 (0.26)
5 9 10 11 13 14 (0.27)
5 9 10 12 13 14 (0.34)
5 9 11 12 13 14 (0.3)
5 10 11 12 13 14 (0.26)
6 7 8 9 10 11 (0.12)
6 7 8 9 10 12 (0.12)
6 7 8 9 10 13 (0.12)
6 7 8 9 10 14 (0.12)
6 7 8 9 11 12 (0.12)
6 7 8 9 11 13 (0.12)
6 7 8 9 11 14 (0.12)
6 7 8 9 12 13 (0.12)
6 7 8 9 12 14 (0.12)
6 7 8 9 13 14 (0.12)
6 7 8 10 11 12 (0.16)
6 7 8 10 11 13 (0.16)
6 7 8 10 11 14 (0.16)
6 7 8 10 12 13 (0.16)
6 7 8 10 12 14 (0.16)
6 7 8 10 13 14 (0.16)
6 7 8 11 12 13 (0.16)
6 7 8 11 12 14 (0.16)
6 7 8 11 13 14 (0.17)
6 7 8 12 13 14 (0.17)
6 7 9 10 11 12 (0.19)
6 7 9 10 11 13 (0.19)
6 7 9 10 11 14 (0.19)
6 7 9 10 12 13 (0.19)
6 7 9 10 12 14 (0.19)
6 7 9 10 13 14 (0.19)
6 7 9 11 12 13 (0.19)
6 7 9 11 12 14 (0.19)
6 7 9 11 13 14 (0.19)
6 7 9 12 13 14 (0.19)
6 7 10 11 12 13 (0.24)
6 7 10 11 12 14 (0.24)
6 7 10 11 13 14 (0.24)
6 7 10 12 13 14 (0.24)
6 7 11 12 13 14 (0.27)
6 8 9 10 11 12 (0.2)
6 8 9 10 11 13 (0.2)
6 8 9 10 11 14 (0.2)
6 8 9 10 12 13 (0.23)
6 8 9 10 12 14 (0.23)
6 8 9 10 13 14 (0.23)
6 8 9 11 12 13 (0.21)
6 8 9 11 12 14 (0.22)
6 8 9 11 13 14 (0.21)
6 8 9 12 13 14 (0.24)
6 8 10 11 12 13 (0.24)
6 8 10 11 12 14 (0.24)
6 8 10 11 13 14 (0.24)
6 8 10 12 13 14 (0.28)
6 8 11 12 13 14 (0.25)
6 9 10 11 12 13 (0.28)
6 9 10 11 12 14 (0.28)
6 9 10 11 13 14 (0.28)
6 9 10 12 13 14 (0.33)
6 9 11 12 13 14 (0.3)
6 10 11 12 13 14 (0.34)
7 8 9 10 11 12 (0.18)
7 8 9 10 11 13 (0.19)
7 8 9 10 11 14 (0.19)
7 8 9 10 12 13 (0.18)
7 8 9 10 12 14 (0.18)
7 8 9 10 13 14 (0.2)
7 8 9 11 12 13 (0.2)
7 8 9 11 12 14 (0.2)
7 8 9 11 13 14 (0.21)
7 8 9 12 13 14 (0.2)
7 8 10 11 12 13 (0.27)
7 8 10 11 12 14 (0.27)
7 8 10 11 13 14 (0.28)
7 8 10 12 13 14 (0.27)
7 8 11 12 13 14 (0.29)
7 9 10 11 12 13 (0.3)
7 9 10 11 12 14 (0.3)
7 9 10 11 13 14 (0.31)
7 9 10 12 13 14 (0.3)
7 9 11 12 13 14 (0.33)
7 10 11 12 13 14 (0.43)
8 9 10 11 12 13 (0.29)
8 9 10 11 12 14 (0.29)
8 9 10 11 13 14 (0.3)
8 9 10 12 13 14 (0.33)
8 9 11 12 13 14 (0.33)
8 10 11 12 13 14 (0.38)
9 10 11 12 13 14 (0.45)
3 4 6 8 10 12 13 (0.11)
3 4 6 8 10 12 14 (0.11)
3 4 6 8 10 13 14 (0.11)
3 4 6 8 12 13 14 (0.11)
3 4 6 9 10 12 13 (0.1)
3 4 6 9 10 12 14 (0.1)
3 4 6 9 10 13 14 (0.1)
3 4 6 9 12 13 14 (0.1)
3 4 6 10 12 13 14 (0.13)
3 4 8 10 12 13 14 (0.11)
3 4 9 10 12 13 14 (0.1)
3 5 6 9 10 12 13 (0.1)
3 5 6 9 10 12 14 (0.1)
3 5 6 9 10 13 14 (0.1)
3 5 6 9 12 13 14 (0.1)
3 5 6 10 12 13 14 (0.1)
3 5 9 10 12 13 14 (0.12)
3 6 7 10 11 12 13 (0.1)
3 6 7 10 11 12 14 (0.1)
3 6 7 10 11 13 14 (0.1)
3 6 7 10 12 13 14 (0.1)
3 6 7 11 12 13 14 (0.1)
3 6 8 9 10 12 13 (0.1)
3 6 8 9 10 12 14 (0.1)
3 6 8 9 10 13 14 (0.1)
3 6 8 9 12 13 14 (0.1)
3 6 8 10 11 12 13 (0.11)
3 6 8 10 11 12 14 (0.11)
3 6 8 10 11 13 14 (0.11)
3 6 8 10 12 13 14 (0.14)
3 6 8 11 12 13 14 (0.11)
3 6 9 10 11 12 13 (0.1)
3 6 9 10 11 12 14 (0.1)
3 6 9 10 11 13 14 (0.1)
3 6 9 10 12 13 14 (0.13)
3 6 9 11 12 13 14 (0.1)
3 6 10 11 12 13 14 (0.13)
3 7 8 10 11 12 13 (0.1)
3 7 8 10 11 12 14 (0.1)
3 7 8 10 11 13 14 (0.1)
3 7 8 10 12 13 14 (0.1)
3 7 8 11 12 13 14 (0.1)
3 7 10 11 12 13 14 (0.13)
3 8 9 10 12 13 14 (0.12)
3 8 9 11 12 13 14 (0.1)
3 8 10 11 12 13 14 (0.14)
3 9 10 11 12 13 14 (0.12)
4 5 6 9 10 12 13 (0.13)
4 5 6 9 10 12 14 (0.13)
4 5 6 9 10 13 14 (0.13)
4 5 6 9 12 13 14 (0.13)
4 5 6 10 12 13 14 (0.13)
4 5 8 9 10 13 14 (0.1)
4 5 8 9 12 13 14 (0.1)
4 5 9 10 11 13 14 (0.1)
4 5 9 10 12 13 14 (0.14)
4 5 9 11 12 13 14 (0.11)
4 6 7 8 10 11 12 (0.1)
4 6 7 8 10 11 13 (0.1)
4 6 7 8 10 11 14 (0.1)
4 6 7 8 10 12 13 (0.1)
4 6 7 8 10 12 14 (0.1)
4 6 7 8 10 13 14 (0.1)
4 6 7 8 11 12 13 (0.1)
4 6 7 8 11 12 14 (0.1)
4 6 7 8 11 13 14 (0.11)
4 6 7 8 12 13 14 (0.1)
4 6 7 9 10 11 12 (0.1)
4 6 7 9 10 11 13 (0.1)
4 6 7 9 10 11 14 (0.1)
4 6 7 9 10 12 13 (0.1)
4 6 7 9 10 12 14 (0.1)
4 6 7 9 10 13 14 (0.1)
4 6 7 9 11 12 13 (0.1)
4 6 7 9 11 12 14 (0.1)
4 6 7 9 11 13 14 (0.1)
4 6 7 9 12 13 14 (0.1)
4 6 7 10 11 12 13 (0.13)
4 6 7 10 11 12 14 (0.13)
4 6 7 10 11 13 14 (0.13)
4 6 7 10 12 13 14 (0.13)
4 6 7 11 12 13 14 (0.14)
4 6 8 9 10 11 12 (0.13)
4 6 8 9 10 11 13 (0.13)
4 6 8 9 10 11 14 (0.13)
4 6 8 9 10 12 13 (0.16)
4 6 8 9 10 12 14 (0.16)
4 6 8 9 10 13 14 (0.16)
4 6 8 9 11 12 13 (0.13)
4 6 8 9 11 12 14 (0.13)
4 6 8 9 11 13 14 (0.13)
4 6 8 9 12 13 14 (0.16)
4 6 8 10 11 12 13 (0.15)
4 6 8 10 11 12 14 (0.15)
4 6 8 10 11 13 14 (0.15)
4 6 8 10 12 13 14 (0.19)
4 6 8 11 12 13 14 (0.15)
4 6 9 10 11 12 13 (0.16)
4 6 9 10 11 12 14 (0.16)
4 6 9 10 11 13 14 (0.16)
4 6 9 10 12 13 14 (0.21)
4 6 9 11 12 13 14 (0.17)
4 6 10 11 12 13 14 (0.2)
4 7 8 9 10 11 12 (0.1)
4 7 8 9 10 11 13 (0.11)
4 7 8 9 10 11 14 (0.11)
4 7 8 9 10 12 13 (0.1)
4 7 8 9 10 12 14 (0.1)
4 7 8 9 10 13 14 (0.11)
4 7 8 9 11 12 13 (0.11)
4 7 8 9 11 12 14 (0.11)
4 7 8 9 11 13 14 (0.12)
4 7 8 9 12 13 14 (0.11)
4 7 8 10 11 12 13 (0.13)
4 7 8 10 11 12 14 (0.13)
4 7 8 10 11 13 14 (0.14)
4 7 8 10 12 13 14 (0.13)
4 7 8 11 12 13 14 (0.14)
4 7 9 10 11 12 13 (0.13)
4 7 9 10 11 12 14 (0.13)
4 7 9 10 11 13 14 (0.14)
4 7 9 10 12 13 14 (0.13)
4 7 9 11 12 13 14 (0.14)
4 7 10 11 12 13 14 (0.17)
4 8 9 10 11 12 13 (0.15)
4 8 9 10 11 12 14 (0.15)
4 8 9 10 11 13 14 (0.16)
4 8 9 10 12 13 14 (0.18)
4 8 9 11 12 13 14 (0.16)
4 8 10 11 12 13 14 (0.18)
4 9 10 11 12 13 14 (0.2)
5 6 7 9 10 11 12 (0.15)
5 6 7 9 10 11 13 (0.15)
5 6 7 9 10 11 14 (0.15)
5 6 7 9 10 12 13 (0.15)
5 6 7 9 10 12 14 (0.15)
5 6 7 9 10 13 14 (0.15)
5 6 7 9 11 12 13 (0.15)
5 6 7 9 11 12 14 (0.15)
5 6 7 9 11 13 14 (0.15)
5 6 7 9 12 13 14 (0.15)
5 6 7 10 11 12 13 (0.15)
5 6 7 10 11 12 14 (0.15)
5 6 7 10 11 13 14 (0.15)
5 6 7 10 12 13 14 (0.15)
5 6 7 11 12 13 14 (0.15)
5 6 8 9 10 11 12 (0.12)
5 6 8 9 10 11 13 (0.12)
5 6 8 9 10 11 14 (0.12)
5 6 8 9 10 12 13 (0.15)
5 6 8 9 10 12 14 (0.15)
5 6 8 9 10 13 14 (0.15)
5 6 8 9 11 12 13 (0.12)
5 6 8 9 11 12 14 (0.12)
5 6 8 9 11 13 14 (0.12)
5 6 8 9 12 13 14 (0.15)
5 6 8 10 11 12 13 (0.12)
5 6 8 10 11 12 14 (0.12)
5 6 8 10 11 13 14 (0.12)
5 6 8 10 12 13 14 (0.15)
5 6 8 11 12 13 14 (0.12)
5 6 9 10 11 12 13 (0.18)
5 6 9 10 11 12 14 (0.18)
5 6 9 10 11 13 14 (0.18)
5 6 9 10 12 13 14 (0.23)
5 6 9 11 12 13 14 (0.18)
5 6 10 11 12 13 14 (0.18)
5 7 8 9 10 11 12 (0.11)
5 7 8 9 10 11 13 (0.12)
5 7 8 9 10 11 14 (0.12)
5 7 8 9 10 12 13 (0.11)
5 7 8 9 10 12 14 (0.11)
5 7 8 9 10 13 14 (0.13)
5 7 8 9 11 12 13 (0.13)
5 7 8 9 11 12 14 (0.13)
5 7 8 9 11 13 14 (0.14)
5 7 8 9 12 13 14 (0.13)
5 7 8 10 11 12 13 (0.11)
5 7 8 10 11 12 14 (0.11)
5 7 8 10 11 13 14 (0.12)
5 7 8 10 12 13 14 (0.11)
5 7 8 11 12 13 14 (0.13)
5 7 9 10 11 12 13 (0.2)
5 7 9 10 11 12 14 (0.2)
5 7 9 10 11 13 14 (0.21)
5 7 9 10 12 13 14 (0.2)
5 7 9 11 12 13 14 (0.22)
5 7 10 11 12 13 14 (0.2)
5 8 9 10 11 12 13 (0.15)
5 8 9 10 11 12 14 (0.15)
5 8 9 10 11 13 14 (0.16)
5 8 9 10 12 13 14 (0.19)
5 8 9 11 12 13 14 (0.17)
5 8 10 11 12 13 14 (0.15)
5 9 10 11 12 13 14 (0.26)
6 7 8 9 10 11 12 (0.12)
6 7 8 9 10 11 13 (0.12)
6 7 8 9 10 11 14 (0.12)
6 7 8 9 10 12 13 (0.12)
6 7 8 9 10 12 14 (0.12)
6 7 8 9 10 13 14 (0.12)
6 7 8 9 11 12 13 (0.12)
6 7 8 9 11 12 14 (0.12)
6 7 8 9 11 13 14 (0.12)
6 7 8 9 12 13 14 (0.12)
6 7 8 10 11 12 13 (0.16)
6 7 8 10 11 12 14 (0.16)
6 7 8 10 11 13 14 (0.16)
6 7 8 10 12 13 14 (0.16)
6 7 8 11 12 13 14 (0.16)
6 7 9 10 11 12 13 (0.19)
6 7 9 10 11 12 14 (0.19)
6 7 9 10 11 13 14 (0.19)
6 7 9 10 12 13 14 (0.19)
6 7 9 11 12 13 14 (0.19)
6 7 10 11 12 13 14 (0.24)
6 8 9 10 11 12 13 (0.2)
6 8 9 10 11 12 14 (0.2)
6 8 9 10 11 13 14 (0.2)
6 8 9 10 12 13 14 (0.23)
6 8 9 11 12 13 14 (0.21)
6 8 10 11 12 13 14 (0.24)
6 9 10 11 12 13 14 (0.28)
7 8 9 10 11 12 13 (0.18)
7 8 9 10 11 12 14 (0.18)
7 8 9 10 11 13 14 (0.19)
7 8 9 10 12 13 14 (0.18)
7 8 9 11 12 13 14 (0.2)
7 8 10 11 12 13 14 (0.27)
7 9 10 11 12 13 14 (0.3)
8 9 10 11 12 13 14 (0.29)
3 4 6 8 10 12 13 14 (0.11)
3 4 6 9 10 12 13 14 (0.1)
3 5 6 9 10 12 13 14 (0.1)
3 6 7 10 11 12 13 14 (0.1)
3 6 8 9 10 12 13 14 (0.1)
3 6 8 10 11 12 13 14 (0.11)
3 6 9 10 11 12 13 14 (0.1)
3 7 8 10 11 12 13 14 (0.1)
4 5 6 9 10 12 13 14 (0.13)
4 6 7 8 10 11 12 13 (0.1)
4 6 7 8 10 11 12 14 (0.1)
4 6 7 8 10 11 13 14 (0.1)
4 6 7 8 10 12 13 14 (0.1)
4 6 7 8 11 12 13 14 (0.1)
4 6 7 9 10 11 12 13 (0.1)
4 6 7 9 10 11 12 14 (0.1)
4 6 7 9 10 11 13 14 (0.1)
4 6 7 9 10 12 13 14 (0.1)
4 6 7 9 11 12 13 14 (0.1)
4 6 7 10 11 12 13 14 (0.13)
4 6 8 9 10 11 12 13 (0.13)
4 6 8 9 10 11 12 14 (0.13)
4 6 8 9 10 11 13 14 (0.13)
4 6 8 9 10 12 13 14 (0.16)
4 6 8 9 11 12 13 14 (0.13)
4 6 8 10 11 12 13 14 (0.15)
4 6 9 10 11 12 13 14 (0.16)
4 7 8 9 10 11 12 13 (0.1)
4 7 8 9 10 11 12 14 (0.1)
4 7 8 9 10 11 13 14 (0.11)
4 7 8 9 10 12 13 14 (0.1)
4 7 8 9 11 12 13 14 (0.11)
4 7 8 10 11 12 13 14 (0.13)
4 7 9 10 11 12 13 14 (0.13)
4 8 9 10 11 12 13 14 (0.15)
5 6 7 9 10 11 12 13 (0.15)
5 6 7 9 10 11 12 14 (0.15)
5 6 7 9 10 11 13 14 (0.15)
5 6 7 9 10 12 13 14 (0.15)
5 6 7 9 11 12 13 14 (0.15)
5 6 7 10 11 12 13 14 (0.15)
5 6 8 9 10 11 12 13 (0.12)
5 6 8 9 10 11 12 14 (0.12)
5 6 8 9 10 11 13 14 (0.12)
5 6 8 9 10 12 13 14 (0.15)
5 6 8 9 11 12 13 14 (0.12)
5 6 8 10 11 12 13 14 (0.12)
5 6 9 10 11 12 13 14 (0.18)
5 7 8 9 10 11 12 13 (0.11)
5 7 8 9 10 11 12 14 (0.11)
5 7 8 9 10 11 13 14 (0.12)
5 7 8 9 10 12 13 14 (0.11)
5 7 8 9 11 12 13 14 (0.13)
5 7 8 10 11 12 13 14 (0.11)
5 7 9 10 11 12 13 14 (0.2)
5 8 9 10 11 12 13 14 (0.15)
6 7 8 9 10 11 12 13 (0.12)
6 7 8 9 10 11 12 14 (0.12)
6 7 8 9 10 11 13 14 (0.12)
6 7 8 9 10 12 13 14 (0.12)
6 7 8 9 11 12 13 14 (0.12)
6 7 8 10 11 12 13 14 (0.16)
6 7 9 10 11 12 13 14 (0.19)
6 8 9 10 11 12 13 14 (0.2)
7 8 9 10 11 12 13 14 (0.18)
4 6 7 8 10 11 12 13 14 (0.1)
4 6 7 9 10 11 12 13 14 (0.1)
4 6 8 9 10 11 12 13 14 (0.13)
4 7 8 9 10 11 12 13 14 (0.1)
5 6 7 9 10 11 12 13 14 (0.15)
5 6 8 9 10 11 12 13 14 (0.12)
5 7 8 9 10 11 12 13 14 (0.11)
6 7 8 9 10 11 12 13 14 (0.12)
